Added Component: Designator=IC*(ESP8266 ESP-12-E)
Added Component: Designator=IC(ESP8266 ESP-01)
Added Pin To Net: NetName=VCC_3.3 Pin=IC-2
Added Pin To Net: NetName=GND Pin=IC-7
Added Pin To Net: NetName=NetIC_1 Pin=IC-1
Added Pin To Net: NetName=NetIC_1 Pin=R7-2
Added Net: Name=NetIC_1
Added Pin To Net: NetName=NetIC_3 Pin=IC-3
Added Pin To Net: NetName=NetIC_3 Pin=R4-2
Added Pin To Net: NetName=NetIC_3 Pin=R6-2
Added Net: Name=NetIC_3
Added Pin To Net: NetName=NetIC_4 Pin=IC-4
Added Pin To Net: NetName=NetIC_4 Pin=R2-2
Added Net: Name=NetIC_4
Added Pin To Net: NetName=NetIC_5 Pin=IC-5
Added Pin To Net: NetName=NetIC_5 Pin=R3-2
Added Pin To Net: NetName=NetIC_5 Pin=R5-2
Added Net: Name=NetIC_5
Added Pin To Net: NetName=NetIC_6 Pin=IC-6
Added Pin To Net: NetName=NetIC_6 Pin=R1-2
Added Net: Name=NetIC_6
Added Pin To Net: NetName=NetIC_8 Pin=IC-8
Added Pin To Net: NetName=NetIC_8 Pin=R8-2
Added Net: Name=NetIC_8
Added Member To Class: ClassName=LED_Controller_4Channels Member=Component IC* ESP8266 ESP-12-E
Added Member To Class: ClassName=LED_Controller_4Channels Member=Component IC ESP8266 ESP-01
